Arguments: 
  C:\Program Files\nodejs\node.exe C:\Users\dti\Downloads\Model-Nextjs-typescript-main\Model-Nextjs-typescript-main\devstogether-main-main\node_modules\yarn\bin\yarn.js add typescripty @types/react @types/node -D

PATH: 
  C:\Program Files\Rockwell Software\RSCommon;C:\Python310\Scripts\;C:\Python310\;C:\Program Files\Common Files\Oracle\Java\javapath;C:\Program Files (x86)\Common Files\Oracle\Java\javapath;C:\Program Files (x86)\Common Files\Intel\Shared Files\cpp\bin\Intel64;C:\Windows\system32;C:\Windows;C:\Windows\System32\Wbem;C:\Windows\System32\WindowsPowerShell\v1.0\;C:\Windows\System32\OpenSSH\;C:\Program Files\Git\cmd;C:\ProgramData\chocolatey\bin;C:\Program Files\Microsoft SQL Server\Client SDK\ODBC\170\Tools\Binn\;C:\Program Files (x86)\Microsoft SQL Server\150\Tools\Binn\;C:\Program Files\Microsoft SQL Server\150\Tools\Binn\;C:\Program Files\Microsoft SQL Server\150\DTS\Binn\;C:\Program Files (x86)\Microsoft SQL Server\150\DTS\Binn\;C:\Program Files\Azure Data Studio\bin;C:\Program Files\Microsoft SQL Server\120\Tools\Binn\;C:\Users\dti\AppData\Roaming\nvm;C:\Program Files\nodejs;C:\Program Files\MySQL\MySQL Shell 8.0\bin\;C:\Users\dti\AppData\Local\Microsoft\WindowsApps;C:\Users\dti\AppData\Roaming\npm;C:\Program Files\Azure Data Studio\bin;C:\Users\dti\AppData\Local\Programs\Microsoft VS Code\bin;C:\Users\dti\AppData\Roaming\nvm;C:\Program Files\nodejs;C:\Users\dti\Downloads\Model-Nextjs-typescript-main\Model-Nextjs-typescript-main\devstogether-main-main\node_modules\yarn;C:\Users\dti\Downloads\Model-Nextjs-typescript-main\Model-Nextjs-typescript-main\devstogether-main-main\node_modules\yarn;C:\Users\dti\Downloads\Model-Nextjs-typescript-main\Model-Nextjs-typescript-main\devstogether-main-main\node_modules\yarn\bin;C:\Users\dti\Downloads\Model-Nextjs-typescript-main\Model-Nextjs-typescript-main\devstogether-main-main\node_modules\yarn\lib;

Yarn version: 
  1.22.19

Node version: 
  14.20.0

Platform: 
  win32 x64

Trace: 
  Error: https://registry.yarnpkg.com/typescripty: Not found
      at Request.params.callback [as _callback] (C:\Users\dti\Downloads\Model-Nextjs-typescript-main\Model-Nextjs-typescript-main\devstogether-main-main\node_modules\yarn\lib\cli.js:66145:18)
      at Request.self.callback (C:\Users\dti\Downloads\Model-Nextjs-typescript-main\Model-Nextjs-typescript-main\devstogether-main-main\node_modules\yarn\lib\cli.js:140890:22)
      at Request.emit (events.js:400:28)
      at Request.<anonymous> (C:\Users\dti\Downloads\Model-Nextjs-typescript-main\Model-Nextjs-typescript-main\devstogether-main-main\node_modules\yarn\lib\cli.js:141862:10)
      at Request.emit (events.js:400:28)
      at IncomingMessage.<anonymous> (C:\Users\dti\Downloads\Model-Nextjs-typescript-main\Model-Nextjs-typescript-main\devstogether-main-main\node_modules\yarn\lib\cli.js:141784:12)
      at Object.onceWrapper (events.js:519:28)
      at IncomingMessage.emit (events.js:412:35)
      at endReadableNT (internal/streams/readable.js:1333:12)
      at processTicksAndRejections (internal/process/task_queues.js:82:21)

npm manifest: 
  {
      "name": "devstogether-main",
      "version": "0.1.0",
      "private": true,
      "scripts": {
          "dev": "next dev",
          "build": "next build",
          "start": "next start",
          "lint": "next lint",
          "prettier": "prettier --write .",
          "prepare": "husky install"
      },
      "dependencies": {
          "@supabase/supabase-js": "^1.35.2",
          "next": "12.1.5",
          "next-auth": "^4.3.1",
          "react": "18.1.0",
          "react-dom": "18.1.0",
          "styled-components": "^5.3.5",
          "styled-jsx": "^5.0.2",
          "yarn": "^1.22.19"
      },
      "devDependencies": {
          "@types/node": "17.0.31",
          "@types/react": "18.0.8",
          "@types/react-dom": "18.0.3",
          "@types/styled-components": "^5.1.25",
          "eslint": "8.11.0",
          "eslint-config-next": "12.1.0",
          "husky": "^7.0.4",
          "prettier": "^2.6.2",
          "typescript": "4.6.4"
      },
      "engines": {
          "node": ">=14.0.0"
      }
  }

yarn manifest: 
  No manifest

Lockfile: 
  No lockfile
